# JRE version: OpenJDK Runtime Environment (8.0_242-b01) (build 1.8.0_242-release-1644-b01)
# Java VM: OpenJDK 64-Bit Server VM (25.242-b01 mixed mode windows-amd64 compressed oops)
Heap:
 PSYoungGen      total 399872K, used 59287K [0x00000000d5580000, 0x00000000f7080000, 0x0000000100000000)
  eden space 363520K, 6% used [0x00000000d5580000,0x00000000d6be9a48,0x00000000eb880000)
  from space 36352K, 99% used [0x00000000eb880000,0x00000000edbfc340,0x00000000edc00000)
  to   space 57856K, 0% used [0x00000000f3800000,0x00000000f3800000,0x00000000f7080000)
 ParOldGen       total 392704K, used 119079K [0x0000000080000000, 0x0000000097f80000, 0x00000000d5580000)
  object space 392704K, 30% used [0x0000000080000000,0x0000000087449f20,0x0000000097f80000)
 Metaspace       used 100305K, capacity 107212K, committed 107520K, reserved 1142784K
  class space    used 13505K, capacity 14810K, committed 14848K, reserved 1048576K
GC Heap History (10 events):
Event: 8.786 GC heap before
{Heap before GC invocations=13 (full 3):
 PSYoungGen      total 316416K, used 316387K [0x00000000d5580000, 0x00000000ed700000, 0x0000000100000000)
  eden space 291840K, 100% used [0x00000000d5580000,0x00000000e7280000,0x00000000e7280000)
  from space 24576K, 99% used [0x00000000e7280000,0x00000000e8a78fd0,0x00000000e8a80000)
  to   space 28672K, 0% used [0x00000000ebb00000,0x00000000ebb00000,0x00000000ed700000)
 ParOldGen       total 250880K, used 41726K [0x0000000080000000, 0x000000008f500000, 0x00000000d5580000)
  object space 250880K, 16% used [0x0000000080000000,0x00000000828bfb00,0x000000008f500000)
 Metaspace       used 84472K, capacity 90072K, committed 90240K, reserved 1126400K
  class space    used 11613K, capacity 12630K, committed 12672K, reserved 1048576K
Event: 8.805 GC heap after
Heap after GC invocations=13 (full 3):
 PSYoungGen      total 357888K, used 28652K [0x00000000d5580000, 0x00000000ee880000, 0x0000000100000000)
  eden space 329216K, 0% used [0x00000000d5580000,0x00000000d5580000,0x00000000e9700000)
  from space 28672K, 99% used [0x00000000ebb00000,0x00000000ed6fb018,0x00000000ed700000)
  to   space 36864K, 0% used [0x00000000e9700000,0x00000000e9700000,0x00000000ebb00000)
 ParOldGen       total 250880K, used 52249K [0x0000000080000000, 0x000000008f500000, 0x00000000d5580000)
  object space 250880K, 20% used [0x0000000080000000,0x00000000833067f0,0x000000008f500000)
 Metaspace       used 84472K, capacity 90072K, committed 90240K, reserved 1126400K
  class space    used 11613K, capacity 12630K, committed 12672K, reserved 1048576K
}
Event: 88.327 GC heap before
{Heap before GC invocations=14 (full 3):
 PSYoungGen      total 357888K, used 357868K [0x00000000d5580000, 0x00000000ee880000, 0x0000000100000000)
  eden space 329216K, 100% used [0x00000000d5580000,0x00000000e9700000,0x00000000e9700000)
  from space 28672K, 99% used [0x00000000ebb00000,0x00000000ed6fb018,0x00000000ed700000)
  to   space 36864K, 0% used [0x00000000e9700000,0x00000000e9700000,0x00000000ebb00000)
 ParOldGen       total 250880K, used 52249K [0x0000000080000000, 0x000000008f500000, 0x00000000d5580000)
  object space 250880K, 20% used [0x0000000080000000,0x00000000833067f0,0x000000008f500000)
 Metaspace       used 89791K, capacity 95866K, committed 96000K, reserved 1132544K
  class space    used 12100K, capacity 13231K, committed 13312K, reserved 1048576K
Event: 88.343 GC heap after
Heap after GC invocations=14 (full 3):
 PSYoungGen      total 366080K, used 14357K [0x00000000d5580000, 0x00000000f0500000, 0x0000000100000000)
  eden space 329216K, 0% used [0x00000000d5580000,0x00000000d5580000,0x00000000e9700000)
  from space 36864K, 38% used [0x00000000e9700000,0x00000000ea505510,0x00000000ebb00000)
  to   space 34816K, 0% used [0x00000000ee300000,0x00000000ee300000,0x00000000f0500000)
 ParOldGen       total 250880K, used 79742K [0x0000000080000000, 0x000000008f500000, 0x00000000d5580000)
  object space 250880K, 31% used [0x0000000080000000,0x0000000084ddf830,0x000000008f500000)
 Metaspace       used 89791K, capacity 95866K, committed 96000K, reserved 1132544K
  class space    used 12100K, capacity 13231K, committed 13312K, reserved 1048576K
}
Event: 116.991 GC heap before
{Heap before GC invocations=15 (full 3):
 PSYoungGen      total 366080K, used 334429K [0x00000000d5580000, 0x00000000f0500000, 0x0000000100000000)
  eden space 329216K, 97% used [0x00000000d5580000,0x00000000e8e120b0,0x00000000e9700000)
  from space 36864K, 38% used [0x00000000e9700000,0x00000000ea505510,0x00000000ebb00000)
  to   space 34816K, 0% used [0x00000000ee300000,0x00000000ee300000,0x00000000f0500000)
 ParOldGen       total 250880K, used 79742K [0x0000000080000000, 0x000000008f500000, 0x00000000d5580000)
  object space 250880K, 31% used [0x0000000080000000,0x0000000084ddf830,0x000000008f500000)
 Metaspace       used 91941K, capacity 98322K, committed 98496K, reserved 1134592K
  class space    used 12316K, capacity 13481K, committed 13568K, reserved 1048576K
Event: 117.004 GC heap after
Heap after GC invocations=15 (full 3):
 PSYoungGen      total 392704K, used 24408K [0x00000000d5580000, 0x00000000eff80000, 0x0000000100000000)
  eden space 363520K, 0% used [0x00000000d5580000,0x00000000d5580000,0x00000000eb880000)
  from space 29184K, 83% used [0x00000000ee300000,0x00000000efad62e8,0x00000000eff80000)
  to   space 36352K, 0% used [0x00000000eb880000,0x00000000eb880000,0x00000000edc00000)
 ParOldGen       total 250880K, used 79750K [0x0000000080000000, 0x000000008f500000, 0x00000000d5580000)
  object space 250880K, 31% used [0x0000000080000000,0x0000000084de1830,0x000000008f500000)
 Metaspace       used 91941K, capacity 98322K, committed 98496K, reserved 1134592K
  class space    used 12316K, capacity 13481K, committed 13568K, reserved 1048576K
}
Event: 117.004 GC heap before
{Heap before GC invocations=16 (full 4):
 PSYoungGen      total 392704K, used 24408K [0x00000000d5580000, 0x00000000eff80000, 0x0000000100000000)
  eden space 363520K, 0% used [0x00000000d5580000,0x00000000d5580000,0x00000000eb880000)
  from space 29184K, 83% used [0x00000000ee300000,0x00000000efad62e8,0x00000000eff80000)
  to   space 36352K, 0% used [0x00000000eb880000,0x00000000eb880000,0x00000000edc00000)
 ParOldGen       total 250880K, used 79750K [0x0000000080000000, 0x000000008f500000, 0x00000000d5580000)
  object space 250880K, 31% used [0x0000000080000000,0x0000000084de1830,0x000000008f500000)
 Metaspace       used 91941K, capacity 98322K, committed 98496K, reserved 1134592K
  class space    used 12316K, capacity 13481K, committed 13568K, reserved 1048576K
Event: 117.142 GC heap after
Heap after GC invocations=16 (full 4):
 PSYoungGen      total 392704K, used 0K [0x00000000d5580000, 0x00000000eff80000, 0x0000000100000000)
  eden space 363520K, 0% used [0x00000000d5580000,0x00000000d5580000,0x00000000eb880000)
  from space 29184K, 0% used [0x00000000ee300000,0x00000000ee300000,0x00000000eff80000)
  to   space 36352K, 0% used [0x00000000eb880000,0x00000000eb880000,0x00000000edc00000)
 ParOldGen       total 392704K, used 74347K [0x0000000080000000, 0x0000000097f80000, 0x00000000d5580000)
  object space 392704K, 18% used [0x0000000080000000,0x000000008489af60,0x0000000097f80000)
 Metaspace       used 91087K, capacity 95794K, committed 98496K, reserved 1134592K
  class space    used 12042K, capacity 12997K, committed 13568K, reserved 1048576K
}
Event: 118.642 GC heap before
{Heap before GC invocations=17 (full 4):
 PSYoungGen      total 392704K, used 363520K [0x00000000d5580000, 0x00000000eff80000, 0x0000000100000000)
  eden space 363520K, 100% used [0x00000000d5580000,0x00000000eb880000,0x00000000eb880000)
  from space 29184K, 0% used [0x00000000ee300000,0x00000000ee300000,0x00000000eff80000)
  to   space 36352K, 0% used [0x00000000eb880000,0x00000000eb880000,0x00000000edc00000)
 ParOldGen       total 392704K, used 74347K [0x0000000080000000, 0x0000000097f80000, 0x00000000d5580000)
  object space 392704K, 18% used [0x0000000080000000,0x000000008489af60,0x0000000097f80000)
 Metaspace       used 100196K, capacity 107144K, committed 107264K, reserved 1142784K
  class space    used 13499K, capacity 14808K, committed 14848K, reserved 1048576K
Event: 118.692 GC heap after
Heap after GC invocations=17 (full 4):
 PSYoungGen      total 399872K, used 36336K [0x00000000d5580000, 0x00000000f7080000, 0x0000000100000000)
  eden space 363520K, 0% used [0x00000000d5580000,0x00000000d5580000,0x00000000eb880000)
  from space 36352K, 99% used [0x00000000eb880000,0x00000000edbfc340,0x00000000edc00000)
  to   space 57856K, 0% used [0x00000000f3800000,0x00000000f3800000,0x00000000f7080000)
 ParOldGen       total 392704K, used 119079K [0x0000000080000000, 0x0000000097f80000, 0x00000000d5580000)
  object space 392704K, 30% used [0x0000000080000000,0x0000000087449f20,0x0000000097f80000)
 Metaspace       used 100196K, capacity 107144K, committed 107264K, reserved 1142784K
  class space    used 13499K, capacity 14808K, committed 14848K, reserved 1048576K
}

